2025-08-28 12:33:33.100  INFO 8480 --- [main] c.r.C.CultDataReportsApplication         : Starting CultDataReportsApplication using Java 21.0.5 with PID 8480 (E:\dev-cultreport\resource\cultdata-reports-java3\target\classes started by Administrator in E:\dev-cultreport\resource\cultdata-reports-java3)
2025-08-28 12:33:33.102  INFO 8480 --- [main] c.r.C.CultDataReportsApplication         : No active profile set, falling back to 1 default profile: "default"
2025-08-28 12:33:34.531  INFO 8480 --- [main] .s.d.r.c.RepositoryConfigurationDelegate : Bootstrapping Spring Data JPA repositories in DEFAULT mode.
2025-08-28 12:33:34.596  INFO 8480 --- [main] .s.d.r.c.RepositoryConfigurationDelegate : Finished Spring Data repository scanning in 55 ms. Found 2 JPA repository interfaces.
2025-08-28 12:33:35.530  INFO 8480 --- [main] o.s.b.w.embedded.tomcat.TomcatWebServer  : Tomcat initialized with port 8080 (http)
2025-08-28 12:33:35.545  INFO 8480 --- [main] o.apache.catalina.core.StandardService   : Starting service [Tomcat]
2025-08-28 12:33:35.545  INFO 8480 --- [main] o.apache.catalina.core.StandardEngine    : Starting Servlet engine: [Apache Tomcat/10.1.40]
2025-08-28 12:33:35.605  INFO 8480 --- [main] o.a.c.c.C.[Tomcat].[localhost].[/]       : Initializing Spring embedded WebApplicationContext
2025-08-28 12:33:35.605  INFO 8480 --- [main] w.s.c.ServletWebServerApplicationContext : Root WebApplicationContext: initialization completed in 2125 ms
2025-08-28 12:33:35.903  INFO 8480 --- [main] com.zaxxer.hikari.HikariDataSource       : HikariPool-1 - Starting...
2025-08-28 12:33:36.539  INFO 8480 --- [main] com.zaxxer.hikari.pool.HikariPool        : HikariPool-1 - Added connection com.mysql.cj.jdbc.ConnectionImpl@2e0516a3
2025-08-28 12:33:36.542  INFO 8480 --- [main] com.zaxxer.hikari.HikariDataSource       : HikariPool-1 - Start completed.
2025-08-28 12:33:36.620  INFO 8480 --- [main] org.flywaydb.core.FlywayExecutor         : Database: jdbc:mysql://localhost:3306/cultdatareport (MySQL 8.4)
2025-08-28 12:33:36.636  WARN 8480 --- [main] o.f.c.internal.database.base.Database    : Flyway upgrade recommended: MySQL 8.4 is newer than this version of Flyway and support has not been tested. The latest supported version of MySQL is 8.1.
2025-08-28 12:33:36.741  INFO 8480 --- [main] o.f.core.internal.command.DbValidate     : Successfully validated 4 migrations (execution time 00:00.089s)
2025-08-28 12:33:36.783  INFO 8480 --- [main] o.f.core.internal.command.DbMigrate      : Current version of schema `cultdatareport`: 1.2
2025-08-28 12:33:36.783  WARN 8480 --- [main] o.f.core.internal.command.DbMigrate      : outOfOrder mode is active. Migration of schema `cultdatareport` may not be reproducible.
2025-08-28 12:33:36.789  INFO 8480 --- [main] o.f.core.internal.command.DbMigrate      : Schema `cultdatareport` is up to date. No migration necessary.
2025-08-28 12:33:36.967  INFO 8480 --- [main] o.hibernate.jpa.internal.util.LogHelper  : HHH000204: Processing PersistenceUnitInfo [name: default]
2025-08-28 12:33:37.119  INFO 8480 --- [main] org.hibernate.Version                    : HHH000412: Hibernate ORM core version 6.6.13.Final
2025-08-28 12:33:37.175  INFO 8480 --- [main] o.h.c.internal.RegionFactoryInitiator    : HHH000026: Second-level cache disabled
2025-08-28 12:33:37.600  INFO 8480 --- [main] o.s.o.j.p.SpringPersistenceUnitInfo      : No LoadTimeWeaver setup: ignoring JPA class transformer
2025-08-28 12:33:37.848  WARN 8480 --- [main] org.hibernate.orm.deprecation            : HHH90000025: MySQL8Dialect does not need to be specified explicitly using 'hibernate.dialect' (remove the property setting and it will be selected by default)
2025-08-28 12:33:37.850  WARN 8480 --- [main] org.hibernate.orm.deprecation            : HHH90000026: MySQL8Dialect has been deprecated; use org.hibernate.dialect.MySQLDialect instead
2025-08-28 12:33:37.869  INFO 8480 --- [main] org.hibernate.orm.connections.pooling    : HHH10001005: Database info:
	Database JDBC URL [Connecting through datasource 'HikariDataSource (HikariPool-1)']
	Database driver: undefined/unknown
	Database version: 8.0
	Autocommit mode: undefined/unknown
	Isolation level: undefined/unknown
	Minimum pool size: undefined/unknown
	Maximum pool size: undefined/unknown
2025-08-28 12:33:38.979  INFO 8480 --- [main] o.h.e.t.j.p.i.JtaPlatformInitiator       : HHH000489: No JTA platform available (set 'hibernate.transaction.jta.platform' to enable JTA platform integration)
2025-08-28 12:33:38.981  INFO 8480 --- [main] j.LocalContainerEntityManagerFactoryBean : Initialized JPA EntityManagerFactory for persistence unit 'default'
2025-08-28 12:33:39.618  INFO 8480 --- [main] eAuthenticationProviderManagerConfigurer : Global AuthenticationManager configured with AuthenticationProvider bean with name daoAuthenticationProvider
2025-08-28 12:33:39.618  WARN 8480 --- [main] r$InitializeUserDetailsManagerConfigurer : Global AuthenticationManager configured with an AuthenticationProvider bean. UserDetailsService beans will not be used by Spring Security for automatically configuring username/password login. Consider removing the AuthenticationProvider bean. Alternatively, consider using the UserDetailsService in a manually instantiated DaoAuthenticationProvider. If the current configuration is intentional, to turn off this warning, increase the logging level of 'org.springframework.security.config.annotation.authentication.configuration.InitializeUserDetailsBeanManagerConfigurer' to ERROR
2025-08-28 12:33:40.081  WARN 8480 --- [main] o.s.s.c.a.web.builders.WebSecurity       : You are asking Spring Security to ignore Deferred [Mvc [pattern='/static/**'], Ant [pattern='/static/**']]. This is not recommended -- please use permitAll via HttpSecurity#authorizeHttpRequests instead.
2025-08-28 12:33:40.086  WARN 8480 --- [main] o.s.s.c.a.web.builders.WebSecurity       : You are asking Spring Security to ignore Deferred [Mvc [pattern='/favicon.ico'], Ant [pattern='/favicon.ico']]. This is not recommended -- please use permitAll via HttpSecurity#authorizeHttpRequests instead.
2025-08-28 12:33:40.087  WARN 8480 --- [main] o.s.s.c.a.web.builders.WebSecurity       : You are asking Spring Security to ignore Deferred [Mvc [pattern='/assets/**'], Ant [pattern='/assets/**']]. This is not recommended -- please use permitAll via HttpSecurity#authorizeHttpRequests instead.
2025-08-28 12:33:40.087  WARN 8480 --- [main] o.s.s.c.a.web.builders.WebSecurity       : You are asking Spring Security to ignore Deferred [Mvc [pattern='/css/**'], Ant [pattern='/css/**']]. This is not recommended -- please use permitAll via HttpSecurity#authorizeHttpRequests instead.
2025-08-28 12:33:40.087  WARN 8480 --- [main] o.s.s.c.a.web.builders.WebSecurity       : You are asking Spring Security to ignore Deferred [Mvc [pattern='/img/**'], Ant [pattern='/img/**']]. This is not recommended -- please use permitAll via HttpSecurity#authorizeHttpRequests instead.
2025-08-28 12:33:40.087  WARN 8480 --- [main] o.s.s.c.a.web.builders.WebSecurity       : You are asking Spring Security to ignore Deferred [Mvc [pattern='/js**'], Ant [pattern='/js**']]. This is not recommended -- please use permitAll via HttpSecurity#authorizeHttpRequests instead.
2025-08-28 12:33:40.087  WARN 8480 --- [main] o.s.s.c.a.web.builders.WebSecurity       : You are asking Spring Security to ignore Deferred [Mvc [pattern='/admin/**'], Ant [pattern='/admin/**']]. This is not recommended -- please use permitAll via HttpSecurity#authorizeHttpRequests instead.
2025-08-28 12:33:40.087  WARN 8480 --- [main] o.s.s.c.a.web.builders.WebSecurity       : You are asking Spring Security to ignore Deferred [Mvc [pattern='/webjars/**'], Ant [pattern='/webjars/**']]. This is not recommended -- please use permitAll via HttpSecurity#authorizeHttpRequests instead.
2025-08-28 12:33:40.087  WARN 8480 --- [main] o.s.s.c.a.web.builders.WebSecurity       : You are asking Spring Security to ignore Deferred [Mvc [pattern='/templates/**'], Ant [pattern='/templates/**']]. This is not recommended -- please use permitAll via HttpSecurity#authorizeHttpRequests instead.
2025-08-28 12:33:40.448  INFO 8480 --- [main] o.s.d.j.r.query.QueryEnhancerFactory     : Hibernate is in classpath; If applicable, HQL parser will be used.
2025-08-28 12:33:40.549  INFO 8480 --- [main] o.s.b.w.embedded.tomcat.TomcatWebServer  : Tomcat started on port 8080 (http) with context path '/'
2025-08-28 12:33:40.558  INFO 8480 --- [main] c.r.C.CultDataReportsApplication         : Started CultDataReportsApplication in 8.165 seconds (process running for 9.053)
2025-08-28 12:40:26.949  INFO 8480 --- [http-nio-8080-exec-2] o.a.c.c.C.[Tomcat].[localhost].[/]       : Initializing Spring DispatcherServlet 'dispatcherServlet'
2025-08-28 12:40:26.949  INFO 8480 --- [http-nio-8080-exec-2] o.s.web.servlet.DispatcherServlet        : Initializing Servlet 'dispatcherServlet'
2025-08-28 12:40:26.950  INFO 8480 --- [http-nio-8080-exec-2] o.s.web.servlet.DispatcherServlet        : Completed initialization in 1 ms
2025-08-28 12:40:40.695  INFO 8480 --- [http-nio-8080-exec-2] c.r.C.c.OnlineDistributionPerformanceWeb : Fetching distribution managers request --start
2025-08-28 12:40:40.706  INFO 8480 --- [http-nio-8080-exec-2] c.r.C.integraion.CultDataRestClient      : Fetching fresh distribution managers data
2025-08-28 12:40:40.706  INFO 8480 --- [http-nio-8080-exec-2] c.r.C.integraion.CultDataRestClient      :  Fetch distribution managers data--from CultData api 
2025-08-28 12:40:41.871  INFO 8480 --- [http-nio-8080-exec-2] lineDistributionPerformanceSearchService : fetchDistributionManagers retrieved: count = 20
2025-08-28 12:40:41.872  INFO 8480 --- [http-nio-8080-exec-2] c.r.C.c.OnlineDistributionPerformanceWeb : Fetching distribution managers request --end
2025-08-28 12:40:43.277  INFO 8480 --- [http-nio-8080-exec-3] c.r.C.c.OnlineDistributionPerformanceWeb : ODP search request --start
2025-08-28 12:40:46.583 ERROR 8480 --- [http-nio-8080-exec-3] c.r.C.i.CultDataRestClientForOdpr        : Failed to fetch reports for client Optional.empty from CultDataAPI: org.springframework.web.client.HttpClientErrorException$BadRequest: 400  on GET request for "https://api2.cultdata.com/api/reports/latest": "{"timestamp":"2025-08-28T06:40:45.721537","status":400,"error":"No Data Found!","path":"/api/reports"}"
2025-08-28 12:40:46.585  INFO 8480 --- [http-nio-8080-exec-3] c.r.C.c.OnlineDistributionPerformanceWeb : ODP search request --end
2025-08-28 12:48:50.062  INFO 8480 --- [http-nio-8080-exec-10] c.r.C.c.OnlineDistributionPerformanceWeb : Fetching distribution managers request --start
2025-08-28 12:48:50.064  INFO 8480 --- [http-nio-8080-exec-10] lineDistributionPerformanceSearchService : fetchDistributionManagers retrieved: count = 20
2025-08-28 12:48:50.064  INFO 8480 --- [http-nio-8080-exec-10] c.r.C.c.OnlineDistributionPerformanceWeb : Fetching distribution managers request --end
2025-08-28 12:48:52.637  INFO 8480 --- [http-nio-8080-exec-2] c.r.C.c.OnlineDistributionPerformanceWeb : ODP search request --start
2025-08-28 12:48:54.185  INFO 8480 --- [http-nio-8080-exec-2] c.r.C.c.OnlineDistributionPerformanceWeb : ODP search request --end
2025-08-28 12:48:56.084  INFO 8480 --- [http-nio-8080-exec-5] c.r.C.c.OnlineDistributionPerformanceWeb : Fetching distribution managers request --start
2025-08-28 12:48:56.085  INFO 8480 --- [http-nio-8080-exec-5] lineDistributionPerformanceSearchService : fetchDistributionManagers retrieved: count = 20
2025-08-28 12:48:56.085  INFO 8480 --- [http-nio-8080-exec-5] c.r.C.c.OnlineDistributionPerformanceWeb : Fetching distribution managers request --end
2025-08-28 12:48:57.271  INFO 8480 --- [http-nio-8080-exec-7] c.r.C.c.OnlineDistributionPerformanceWeb : ODP search request --start
2025-08-28 12:49:00.524 ERROR 8480 --- [http-nio-8080-exec-7] c.r.C.i.CultDataRestClientForOdpr        : Failed to fetch reports for client Optional.empty from CultDataAPI: org.springframework.web.client.HttpClientErrorException$BadRequest: 400  on GET request for "https://api2.cultdata.com/api/reports/latest": "{"timestamp":"2025-08-28T06:48:59.680213","status":400,"error":"No Data Found!","path":"/api/reports"}"
2025-08-28 12:49:00.532  INFO 8480 --- [http-nio-8080-exec-7] c.r.C.c.OnlineDistributionPerformanceWeb : ODP search request --end
2025-08-28 12:49:07.245  INFO 8480 --- [SpringApplicationShutdownHook] o.s.b.w.e.tomcat.GracefulShutdown        : Commencing graceful shutdown. Waiting for active requests to complete
2025-08-28 12:49:07.249  INFO 8480 --- [tomcat-shutdown] o.s.b.w.e.tomcat.GracefulShutdown        : Graceful shutdown complete
2025-08-28 12:49:07.253  INFO 8480 --- [SpringApplicationShutdownHook] j.LocalContainerEntityManagerFactoryBean : Closing JPA EntityManagerFactory for persistence unit 'default'
2025-08-28 12:49:07.255  INFO 8480 --- [SpringApplicationShutdownHook] com.zaxxer.hikari.HikariDataSource       : HikariPool-1 - Shutdown initiated...
2025-08-28 12:49:07.263  INFO 8480 --- [SpringApplicationShutdownHook] com.zaxxer.hikari.HikariDataSource       : HikariPool-1 - Shutdown completed.
2025-08-28 12:50:03.147  INFO 11420 --- [main] c.r.C.CultDataReportsApplication         : Starting CultDataReportsApplication using Java 21.0.5 with PID 11420 (E:\dev-cultreport\resource\cultdata-reports-java3\target\classes started by Administrator in E:\dev-cultreport\resource\cultdata-reports-java3)
2025-08-28 12:50:03.148  INFO 11420 --- [main] c.r.C.CultDataReportsApplication         : No active profile set, falling back to 1 default profile: "default"
2025-08-28 12:50:04.773  INFO 11420 --- [main] .s.d.r.c.RepositoryConfigurationDelegate : Bootstrapping Spring Data JPA repositories in DEFAULT mode.
2025-08-28 12:50:04.852  INFO 11420 --- [main] .s.d.r.c.RepositoryConfigurationDelegate : Finished Spring Data repository scanning in 67 ms. Found 2 JPA repository interfaces.
2025-08-28 12:50:05.615  INFO 11420 --- [main] o.s.b.w.embedded.tomcat.TomcatWebServer  : Tomcat initialized with port 8080 (http)
2025-08-28 12:50:05.630  INFO 11420 --- [main] o.apache.catalina.core.StandardService   : Starting service [Tomcat]
2025-08-28 12:50:05.630  INFO 11420 --- [main] o.apache.catalina.core.StandardEngine    : Starting Servlet engine: [Apache Tomcat/10.1.40]
2025-08-28 12:50:05.712  INFO 11420 --- [main] o.a.c.c.C.[Tomcat].[localhost].[/]       : Initializing Spring embedded WebApplicationContext
2025-08-28 12:50:05.712  INFO 11420 --- [main] w.s.c.ServletWebServerApplicationContext : Root WebApplicationContext: initialization completed in 2125 ms
2025-08-28 12:50:06.020  INFO 11420 --- [main] com.zaxxer.hikari.HikariDataSource       : HikariPool-1 - Starting...
2025-08-28 12:50:06.431  INFO 11420 --- [main] com.zaxxer.hikari.pool.HikariPool        : HikariPool-1 - Added connection com.mysql.cj.jdbc.ConnectionImpl@56f2c9e8
2025-08-28 12:50:06.434  INFO 11420 --- [main] com.zaxxer.hikari.HikariDataSource       : HikariPool-1 - Start completed.
2025-08-28 12:50:06.480  INFO 11420 --- [main] org.flywaydb.core.FlywayExecutor         : Database: jdbc:mysql://localhost:3306/cultdatareport (MySQL 8.4)
2025-08-28 12:50:06.502  WARN 11420 --- [main] o.f.c.internal.database.base.Database    : Flyway upgrade recommended: MySQL 8.4 is newer than this version of Flyway and support has not been tested. The latest supported version of MySQL is 8.1.
2025-08-28 12:50:06.556  INFO 11420 --- [main] o.f.core.internal.command.DbValidate     : Successfully validated 4 migrations (execution time 00:00.040s)
2025-08-28 12:50:06.579  INFO 11420 --- [main] o.f.core.internal.command.DbMigrate      : Current version of schema `cultdatareport`: 1.2
2025-08-28 12:50:06.579  WARN 11420 --- [main] o.f.core.internal.command.DbMigrate      : outOfOrder mode is active. Migration of schema `cultdatareport` may not be reproducible.
2025-08-28 12:50:06.583  INFO 11420 --- [main] o.f.core.internal.command.DbMigrate      : Schema `cultdatareport` is up to date. No migration necessary.
2025-08-28 12:50:06.710  INFO 11420 --- [main] o.hibernate.jpa.internal.util.LogHelper  : HHH000204: Processing PersistenceUnitInfo [name: default]
2025-08-28 12:50:06.770  INFO 11420 --- [main] org.hibernate.Version                    : HHH000412: Hibernate ORM core version 6.6.13.Final
2025-08-28 12:50:06.814  INFO 11420 --- [main] o.h.c.internal.RegionFactoryInitiator    : HHH000026: Second-level cache disabled
2025-08-28 12:50:07.163  INFO 11420 --- [main] o.s.o.j.p.SpringPersistenceUnitInfo      : No LoadTimeWeaver setup: ignoring JPA class transformer
2025-08-28 12:50:07.219  WARN 11420 --- [main] org.hibernate.orm.deprecation            : HHH90000025: MySQL8Dialect does not need to be specified explicitly using 'hibernate.dialect' (remove the property setting and it will be selected by default)
2025-08-28 12:50:07.220  WARN 11420 --- [main] org.hibernate.orm.deprecation            : HHH90000026: MySQL8Dialect has been deprecated; use org.hibernate.dialect.MySQLDialect instead
2025-08-28 12:50:07.231  INFO 11420 --- [main] org.hibernate.orm.connections.pooling    : HHH10001005: Database info:
	Database JDBC URL [Connecting through datasource 'HikariDataSource (HikariPool-1)']
	Database driver: undefined/unknown
	Database version: 8.0
	Autocommit mode: undefined/unknown
	Isolation level: undefined/unknown
	Minimum pool size: undefined/unknown
	Maximum pool size: undefined/unknown
2025-08-28 12:50:08.110  INFO 11420 --- [main] o.h.e.t.j.p.i.JtaPlatformInitiator       : HHH000489: No JTA platform available (set 'hibernate.transaction.jta.platform' to enable JTA platform integration)
2025-08-28 12:50:08.120  INFO 11420 --- [main] j.LocalContainerEntityManagerFactoryBean : Initialized JPA EntityManagerFactory for persistence unit 'default'
2025-08-28 12:50:08.732  INFO 11420 --- [main] eAuthenticationProviderManagerConfigurer : Global AuthenticationManager configured with AuthenticationProvider bean with name daoAuthenticationProvider
2025-08-28 12:50:08.732  WARN 11420 --- [main] r$InitializeUserDetailsManagerConfigurer : Global AuthenticationManager configured with an AuthenticationProvider bean. UserDetailsService beans will not be used by Spring Security for automatically configuring username/password login. Consider removing the AuthenticationProvider bean. Alternatively, consider using the UserDetailsService in a manually instantiated DaoAuthenticationProvider. If the current configuration is intentional, to turn off this warning, increase the logging level of 'org.springframework.security.config.annotation.authentication.configuration.InitializeUserDetailsBeanManagerConfigurer' to ERROR
2025-08-28 12:50:09.101  WARN 11420 --- [main] o.s.s.c.a.web.builders.WebSecurity       : You are asking Spring Security to ignore Deferred [Mvc [pattern='/static/**'], Ant [pattern='/static/**']]. This is not recommended -- please use permitAll via HttpSecurity#authorizeHttpRequests instead.
2025-08-28 12:50:09.102  WARN 11420 --- [main] o.s.s.c.a.web.builders.WebSecurity       : You are asking Spring Security to ignore Deferred [Mvc [pattern='/favicon.ico'], Ant [pattern='/favicon.ico']]. This is not recommended -- please use permitAll via HttpSecurity#authorizeHttpRequests instead.
2025-08-28 12:50:09.103  WARN 11420 --- [main] o.s.s.c.a.web.builders.WebSecurity       : You are asking Spring Security to ignore Deferred [Mvc [pattern='/assets/**'], Ant [pattern='/assets/**']]. This is not recommended -- please use permitAll via HttpSecurity#authorizeHttpRequests instead.
2025-08-28 12:50:09.103  WARN 11420 --- [main] o.s.s.c.a.web.builders.WebSecurity       : You are asking Spring Security to ignore Deferred [Mvc [pattern='/css/**'], Ant [pattern='/css/**']]. This is not recommended -- please use permitAll via HttpSecurity#authorizeHttpRequests instead.
2025-08-28 12:50:09.103  WARN 11420 --- [main] o.s.s.c.a.web.builders.WebSecurity       : You are asking Spring Security to ignore Deferred [Mvc [pattern='/img/**'], Ant [pattern='/img/**']]. This is not recommended -- please use permitAll via HttpSecurity#authorizeHttpRequests instead.
2025-08-28 12:50:09.103  WARN 11420 --- [main] o.s.s.c.a.web.builders.WebSecurity       : You are asking Spring Security to ignore Deferred [Mvc [pattern='/js**'], Ant [pattern='/js**']]. This is not recommended -- please use permitAll via HttpSecurity#authorizeHttpRequests instead.
2025-08-28 12:50:09.103  WARN 11420 --- [main] o.s.s.c.a.web.builders.WebSecurity       : You are asking Spring Security to ignore Deferred [Mvc [pattern='/admin/**'], Ant [pattern='/admin/**']]. This is not recommended -- please use permitAll via HttpSecurity#authorizeHttpRequests instead.
2025-08-28 12:50:09.103  WARN 11420 --- [main] o.s.s.c.a.web.builders.WebSecurity       : You are asking Spring Security to ignore Deferred [Mvc [pattern='/webjars/**'], Ant [pattern='/webjars/**']]. This is not recommended -- please use permitAll via HttpSecurity#authorizeHttpRequests instead.
2025-08-28 12:50:09.103  WARN 11420 --- [main] o.s.s.c.a.web.builders.WebSecurity       : You are asking Spring Security to ignore Deferred [Mvc [pattern='/templates/**'], Ant [pattern='/templates/**']]. This is not recommended -- please use permitAll via HttpSecurity#authorizeHttpRequests instead.
2025-08-28 12:50:09.442  INFO 11420 --- [main] o.s.d.j.r.query.QueryEnhancerFactory     : Hibernate is in classpath; If applicable, HQL parser will be used.
2025-08-28 12:50:09.539  INFO 11420 --- [main] o.s.b.w.embedded.tomcat.TomcatWebServer  : Tomcat started on port 8080 (http) with context path '/'
2025-08-28 12:50:09.548  INFO 11420 --- [main] c.r.C.CultDataReportsApplication         : Started CultDataReportsApplication in 7.222 seconds (process running for 7.981)
2025-08-28 12:50:16.582  INFO 11420 --- [http-nio-8080-exec-1] o.a.c.c.C.[Tomcat].[localhost].[/]       : Initializing Spring DispatcherServlet 'dispatcherServlet'
2025-08-28 12:50:16.582  INFO 11420 --- [http-nio-8080-exec-1] o.s.web.servlet.DispatcherServlet        : Initializing Servlet 'dispatcherServlet'
2025-08-28 12:50:16.584  INFO 11420 --- [http-nio-8080-exec-1] o.s.web.servlet.DispatcherServlet        : Completed initialization in 1 ms
2025-08-28 12:50:33.072  INFO 11420 --- [http-nio-8080-exec-2] c.r.C.c.OnlineDistributionPerformanceWeb : Fetching distribution managers request --start
2025-08-28 12:50:33.081  INFO 11420 --- [http-nio-8080-exec-2] c.r.C.integraion.CultDataRestClient      : Fetching fresh distribution managers data
2025-08-28 12:50:33.081  INFO 11420 --- [http-nio-8080-exec-2] c.r.C.integraion.CultDataRestClient      :  Fetch distribution managers data--from CultData api 
2025-08-28 12:50:34.178  INFO 11420 --- [http-nio-8080-exec-2] lineDistributionPerformanceSearchService : fetchDistributionManagers retrieved: count = 20
2025-08-28 12:50:34.179  INFO 11420 --- [http-nio-8080-exec-2] c.r.C.c.OnlineDistributionPerformanceWeb : Fetching distribution managers request --end
2025-08-28 12:50:37.790  INFO 11420 --- [http-nio-8080-exec-3] c.r.C.c.OnlineDistributionPerformanceWeb : ODP search request --start
2025-08-28 12:50:38.742  INFO 11420 --- [http-nio-8080-exec-3] c.r.C.c.OnlineDistributionPerformanceWeb : ODP search request --end
2025-08-28 12:50:40.144  INFO 11420 --- [http-nio-8080-exec-8] c.r.C.c.OnlineDistributionPerformanceWeb : Fetching distribution managers request --start
2025-08-28 12:50:40.146  INFO 11420 --- [http-nio-8080-exec-8] lineDistributionPerformanceSearchService : fetchDistributionManagers retrieved: count = 20
2025-08-28 12:50:40.147  INFO 11420 --- [http-nio-8080-exec-8] c.r.C.c.OnlineDistributionPerformanceWeb : Fetching distribution managers request --end
2025-08-28 12:50:42.753  INFO 11420 --- [http-nio-8080-exec-10] c.r.C.c.OnlineDistributionPerformanceWeb : ODP search request --start
2025-08-28 12:50:46.106 ERROR 11420 --- [http-nio-8080-exec-10] c.r.C.i.CultDataRestClientForOdpr        : Failed to fetch reports for client Optional.empty from CultDataAPI: org.springframework.web.client.HttpClientErrorException$BadRequest: 400  on GET request for "https://api2.cultdata.com/api/reports/latest": "{"timestamp":"2025-08-28T06:50:45.250849","status":400,"error":"No Data Found!","path":"/api/reports"}"
2025-08-28 12:50:46.107  INFO 11420 --- [http-nio-8080-exec-10] c.r.C.c.OnlineDistributionPerformanceWeb : ODP search request --end
2025-08-28 13:02:28.942  INFO 11420 --- [SpringApplicationShutdownHook] o.s.b.w.e.tomcat.GracefulShutdown        : Commencing graceful shutdown. Waiting for active requests to complete
2025-08-28 13:02:28.947  INFO 11420 --- [tomcat-shutdown] o.s.b.w.e.tomcat.GracefulShutdown        : Graceful shutdown complete
2025-08-28 13:02:28.950  INFO 11420 --- [SpringApplicationShutdownHook] j.LocalContainerEntityManagerFactoryBean : Closing JPA EntityManagerFactory for persistence unit 'default'
2025-08-28 13:02:28.952  INFO 11420 --- [SpringApplicationShutdownHook] com.zaxxer.hikari.HikariDataSource       : HikariPool-1 - Shutdown initiated...
2025-08-28 13:02:28.961  INFO 11420 --- [SpringApplicationShutdownHook] com.zaxxer.hikari.HikariDataSource       : HikariPool-1 - Shutdown completed.
2025-08-28 13:03:54.396  INFO 17248 --- [main] c.r.C.CultDataReportsApplication         : Starting CultDataReportsApplication using Java 21.0.5 with PID 17248 (E:\dev-cultreport\resource\cultdata-reports-java3\target\classes started by Administrator in E:\dev-cultreport\resource\cultdata-reports-java3)
2025-08-28 13:03:54.398  INFO 17248 --- [main] c.r.C.CultDataReportsApplication         : No active profile set, falling back to 1 default profile: "default"
2025-08-28 13:03:55.537  INFO 17248 --- [main] .s.d.r.c.RepositoryConfigurationDelegate : Bootstrapping Spring Data JPA repositories in DEFAULT mode.
2025-08-28 13:03:55.604  INFO 17248 --- [main] .s.d.r.c.RepositoryConfigurationDelegate : Finished Spring Data repository scanning in 57 ms. Found 2 JPA repository interfaces.
2025-08-28 13:03:56.387  INFO 17248 --- [main] o.s.b.w.embedded.tomcat.TomcatWebServer  : Tomcat initialized with port 8080 (http)
2025-08-28 13:03:56.404  INFO 17248 --- [main] o.apache.catalina.core.StandardService   : Starting service [Tomcat]
2025-08-28 13:03:56.404  INFO 17248 --- [main] o.apache.catalina.core.StandardEngine    : Starting Servlet engine: [Apache Tomcat/10.1.40]
2025-08-28 13:03:56.472  INFO 17248 --- [main] o.a.c.c.C.[Tomcat].[localhost].[/]       : Initializing Spring embedded WebApplicationContext
2025-08-28 13:03:56.472  INFO 17248 --- [main] w.s.c.ServletWebServerApplicationContext : Root WebApplicationContext: initialization completed in 1741 ms
2025-08-28 13:03:56.838  INFO 17248 --- [main] com.zaxxer.hikari.HikariDataSource       : HikariPool-1 - Starting...
2025-08-28 13:03:57.333  INFO 17248 --- [main] com.zaxxer.hikari.pool.HikariPool        : HikariPool-1 - Added connection com.mysql.cj.jdbc.ConnectionImpl@6a543e09
2025-08-28 13:03:57.335  INFO 17248 --- [main] com.zaxxer.hikari.HikariDataSource       : HikariPool-1 - Start completed.
2025-08-28 13:03:57.384  INFO 17248 --- [main] org.flywaydb.core.FlywayExecutor         : Database: jdbc:mysql://localhost:3306/cultdatareport (MySQL 8.4)
2025-08-28 13:03:57.403  WARN 17248 --- [main] o.f.c.internal.database.base.Database    : Flyway upgrade recommended: MySQL 8.4 is newer than this version of Flyway and support has not been tested. The latest supported version of MySQL is 8.1.
2025-08-28 13:03:57.463  INFO 17248 --- [main] o.f.core.internal.command.DbValidate     : Successfully validated 4 migrations (execution time 00:00.044s)
2025-08-28 13:03:57.497  INFO 17248 --- [main] o.f.core.internal.command.DbMigrate      : Current version of schema `cultdatareport`: 1.2
2025-08-28 13:03:57.497  WARN 17248 --- [main] o.f.core.internal.command.DbMigrate      : outOfOrder mode is active. Migration of schema `cultdatareport` may not be reproducible.
2025-08-28 13:03:57.501  INFO 17248 --- [main] o.f.core.internal.command.DbMigrate      : Schema `cultdatareport` is up to date. No migration necessary.
2025-08-28 13:03:57.616  INFO 17248 --- [main] o.hibernate.jpa.internal.util.LogHelper  : HHH000204: Processing PersistenceUnitInfo [name: default]
2025-08-28 13:03:57.675  INFO 17248 --- [main] org.hibernate.Version                    : HHH000412: Hibernate ORM core version 6.6.13.Final
2025-08-28 13:03:57.712  INFO 17248 --- [main] o.h.c.internal.RegionFactoryInitiator    : HHH000026: Second-level cache disabled
2025-08-28 13:03:58.040  INFO 17248 --- [main] o.s.o.j.p.SpringPersistenceUnitInfo      : No LoadTimeWeaver setup: ignoring JPA class transformer
2025-08-28 13:03:58.100  WARN 17248 --- [main] org.hibernate.orm.deprecation            : HHH90000025: MySQL8Dialect does not need to be specified explicitly using 'hibernate.dialect' (remove the property setting and it will be selected by default)
2025-08-28 13:03:58.101  WARN 17248 --- [main] org.hibernate.orm.deprecation            : HHH90000026: MySQL8Dialect has been deprecated; use org.hibernate.dialect.MySQLDialect instead
2025-08-28 13:03:58.113  INFO 17248 --- [main] org.hibernate.orm.connections.pooling    : HHH10001005: Database info:
	Database JDBC URL [Connecting through datasource 'HikariDataSource (HikariPool-1)']
	Database driver: undefined/unknown
	Database version: 8.0
	Autocommit mode: undefined/unknown
	Isolation level: undefined/unknown
	Minimum pool size: undefined/unknown
	Maximum pool size: undefined/unknown
2025-08-28 13:03:59.027  INFO 17248 --- [main] o.h.e.t.j.p.i.JtaPlatformInitiator       : HHH000489: No JTA platform available (set 'hibernate.transaction.jta.platform' to enable JTA platform integration)
2025-08-28 13:03:59.030  INFO 17248 --- [main] j.LocalContainerEntityManagerFactoryBean : Initialized JPA EntityManagerFactory for persistence unit 'default'
2025-08-28 13:03:59.634  INFO 17248 --- [main] eAuthenticationProviderManagerConfigurer : Global AuthenticationManager configured with AuthenticationProvider bean with name daoAuthenticationProvider
2025-08-28 13:03:59.635  WARN 17248 --- [main] r$InitializeUserDetailsManagerConfigurer : Global AuthenticationManager configured with an AuthenticationProvider bean. UserDetailsService beans will not be used by Spring Security for automatically configuring username/password login. Consider removing the AuthenticationProvider bean. Alternatively, consider using the UserDetailsService in a manually instantiated DaoAuthenticationProvider. If the current configuration is intentional, to turn off this warning, increase the logging level of 'org.springframework.security.config.annotation.authentication.configuration.InitializeUserDetailsBeanManagerConfigurer' to ERROR
2025-08-28 13:03:59.972  WARN 17248 --- [main] o.s.s.c.a.web.builders.WebSecurity       : You are asking Spring Security to ignore Deferred [Mvc [pattern='/static/**'], Ant [pattern='/static/**']]. This is not recommended -- please use permitAll via HttpSecurity#authorizeHttpRequests instead.
2025-08-28 13:03:59.973  WARN 17248 --- [main] o.s.s.c.a.web.builders.WebSecurity       : You are asking Spring Security to ignore Deferred [Mvc [pattern='/favicon.ico'], Ant [pattern='/favicon.ico']]. This is not recommended -- please use permitAll via HttpSecurity#authorizeHttpRequests instead.
2025-08-28 13:03:59.973  WARN 17248 --- [main] o.s.s.c.a.web.builders.WebSecurity       : You are asking Spring Security to ignore Deferred [Mvc [pattern='/assets/**'], Ant [pattern='/assets/**']]. This is not recommended -- please use permitAll via HttpSecurity#authorizeHttpRequests instead.
2025-08-28 13:03:59.973  WARN 17248 --- [main] o.s.s.c.a.web.builders.WebSecurity       : You are asking Spring Security to ignore Deferred [Mvc [pattern='/css/**'], Ant [pattern='/css/**']]. This is not recommended -- please use permitAll via HttpSecurity#authorizeHttpRequests instead.
2025-08-28 13:03:59.973  WARN 17248 --- [main] o.s.s.c.a.web.builders.WebSecurity       : You are asking Spring Security to ignore Deferred [Mvc [pattern='/img/**'], Ant [pattern='/img/**']]. This is not recommended -- please use permitAll via HttpSecurity#authorizeHttpRequests instead.
2025-08-28 13:03:59.973  WARN 17248 --- [main] o.s.s.c.a.web.builders.WebSecurity       : You are asking Spring Security to ignore Deferred [Mvc [pattern='/js**'], Ant [pattern='/js**']]. This is not recommended -- please use permitAll via HttpSecurity#authorizeHttpRequests instead.
2025-08-28 13:03:59.973  WARN 17248 --- [main] o.s.s.c.a.web.builders.WebSecurity       : You are asking Spring Security to ignore Deferred [Mvc [pattern='/admin/**'], Ant [pattern='/admin/**']]. This is not recommended -- please use permitAll via HttpSecurity#authorizeHttpRequests instead.
2025-08-28 13:03:59.973  WARN 17248 --- [main] o.s.s.c.a.web.builders.WebSecurity       : You are asking Spring Security to ignore Deferred [Mvc [pattern='/webjars/**'], Ant [pattern='/webjars/**']]. This is not recommended -- please use permitAll via HttpSecurity#authorizeHttpRequests instead.
2025-08-28 13:03:59.973  WARN 17248 --- [main] o.s.s.c.a.web.builders.WebSecurity       : You are asking Spring Security to ignore Deferred [Mvc [pattern='/templates/**'], Ant [pattern='/templates/**']]. This is not recommended -- please use permitAll via HttpSecurity#authorizeHttpRequests instead.
2025-08-28 13:04:00.264  INFO 17248 --- [main] o.s.d.j.r.query.QueryEnhancerFactory     : Hibernate is in classpath; If applicable, HQL parser will be used.
2025-08-28 13:04:00.373  INFO 17248 --- [main] o.s.b.w.embedded.tomcat.TomcatWebServer  : Tomcat started on port 8080 (http) with context path '/'
2025-08-28 13:04:00.388  INFO 17248 --- [main] c.r.C.CultDataReportsApplication         : Started CultDataReportsApplication in 6.695 seconds (process running for 7.302)
2025-08-28 13:04:00.655  INFO 17248 --- [http-nio-8080-exec-1] o.a.c.c.C.[Tomcat].[localhost].[/]       : Initializing Spring DispatcherServlet 'dispatcherServlet'
2025-08-28 13:04:00.655  INFO 17248 --- [http-nio-8080-exec-1] o.s.web.servlet.DispatcherServlet        : Initializing Servlet 'dispatcherServlet'
2025-08-28 13:04:00.657  INFO 17248 --- [http-nio-8080-exec-1] o.s.web.servlet.DispatcherServlet        : Completed initialization in 1 ms
2025-08-28 13:04:10.997  INFO 17248 --- [http-nio-8080-exec-2] c.r.C.c.OnlineDistributionPerformanceWeb : Fetching distribution managers request --start
2025-08-28 13:04:11.009  INFO 17248 --- [http-nio-8080-exec-2] c.r.C.integraion.CultDataRestClient      : Fetching fresh distribution managers data
2025-08-28 13:04:11.011  INFO 17248 --- [http-nio-8080-exec-2] c.r.C.integraion.CultDataRestClient      :  Fetch distribution managers data--from CultData api 
2025-08-28 13:04:14.573  INFO 17248 --- [http-nio-8080-exec-2] lineDistributionPerformanceSearchService : fetchDistributionManagers retrieved: count = 20
2025-08-28 13:04:14.575  INFO 17248 --- [http-nio-8080-exec-2] c.r.C.c.OnlineDistributionPerformanceWeb : Fetching distribution managers request --end
2025-08-28 13:04:16.123  INFO 17248 --- [http-nio-8080-exec-5] c.r.C.c.OnlineDistributionPerformanceWeb : ODP search request --start
2025-08-28 13:04:16.683 ERROR 17248 --- [http-nio-8080-exec-5] c.r.C.i.CultDataRestClientForOdpr        : Failed to fetch reports for client Optional.empty from CultDataAPI: org.springframework.web.client.HttpServerErrorException$InternalServerError: 500  on GET request for "https://api2.cultdata.com/api/reports/latest": "{"timestamp":"2025-08-28T07:04:15.823+00:00","status":500,"error":"Internal Server Error","path":"/api/reports/latest"}"
2025-08-28 13:04:36.862  INFO 17248 --- [SpringApplicationShutdownHook] o.s.b.w.e.tomcat.GracefulShutdown        : Commencing graceful shutdown. Waiting for active requests to complete
2025-08-28 13:04:36.866  INFO 17248 --- [tomcat-shutdown] o.s.b.w.e.tomcat.GracefulShutdown        : Graceful shutdown complete
2025-08-28 13:04:36.870  INFO 17248 --- [SpringApplicationShutdownHook] j.LocalContainerEntityManagerFactoryBean : Closing JPA EntityManagerFactory for persistence unit 'default'
2025-08-28 13:04:36.871  INFO 17248 --- [SpringApplicationShutdownHook] com.zaxxer.hikari.HikariDataSource       : HikariPool-1 - Shutdown initiated...
2025-08-28 13:04:36.883  INFO 17248 --- [SpringApplicationShutdownHook] com.zaxxer.hikari.HikariDataSource       : HikariPool-1 - Shutdown completed.
